[/Users/hagar.abdelsamad/Downloads/Appium Automation/LatestVersionForAmr/AppiumAutomationFramework/FrameworkOutput/Logs/Sun_Jul_24_15_32_13_EET_2022_logs/Android_Samsung Galaxy S20 FE DEBUG] 2022-07-24 15:32:17.032 BaseTest:76 - Log file path: /Users/hagar.abdelsamad/Downloads/Appium Automation/LatestVersionForAmr/AppiumAutomationFramework/FrameworkOutput/Logs/Sun_Jul_24_15_32_13_EET_2022_logs/Android_Samsung Galaxy S20 FE
[/Users/hagar.abdelsamad/Downloads/Appium Automation/LatestVersionForAmr/AppiumAutomationFramework/FrameworkOutput/Logs/Sun_Jul_24_15_32_13_EET_2022_logs/Android_Samsung Galaxy S20 FE DEBUG] 2022-07-24 15:32:26.924 BaseTest:95 - sessionId: ef348f04-3c2f-4632-a3c4-f325521bf2fe
[/Users/hagar.abdelsamad/Downloads/Appium Automation/LatestVersionForAmr/AppiumAutomationFramework/FrameworkOutput/Logs/Sun_Jul_24_15_32_13_EET_2022_logs/Android_Samsung Galaxy S20 FE DEBUG] 2022-07-24 15:32:27.823 LoginTests:47 - ---------------------------------------------------
[/Users/hagar.abdelsamad/Downloads/Appium Automation/LatestVersionForAmr/AppiumAutomationFramework/FrameworkOutput/Logs/Sun_Jul_24_15_32_13_EET_2022_logs/Android_Samsung Galaxy S20 FE DEBUG] 2022-07-24 15:32:27.825 LoginTests:48 - ******************* Test started: invalidPassword*******************
[/Users/hagar.abdelsamad/Downloads/Appium Automation/LatestVersionForAmr/AppiumAutomationFramework/FrameworkOutput/Logs/Sun_Jul_24_15_32_13_EET_2022_logs/Android_Samsung Galaxy S20 FE INFO ] 2022-07-24 15:32:28.779 BasePage:103 - Filling standard_user in Username Textbox
[/Users/hagar.abdelsamad/Downloads/Appium Automation/LatestVersionForAmr/AppiumAutomationFramework/FrameworkOutput/Logs/Sun_Jul_24_15_32_13_EET_2022_logs/Android_Samsung Galaxy S20 FE INFO ] 2022-07-24 15:32:28.849 BasePage:88 - Clearing: Username Textbox
[/Users/hagar.abdelsamad/Downloads/Appium Automation/LatestVersionForAmr/AppiumAutomationFramework/FrameworkOutput/Logs/Sun_Jul_24_15_32_13_EET_2022_logs/Android_Samsung Galaxy S20 FE INFO ] 2022-07-24 15:32:30.044 BasePage:103 - Filling invalidpassword in Password Textbox
[/Users/hagar.abdelsamad/Downloads/Appium Automation/LatestVersionForAmr/AppiumAutomationFramework/FrameworkOutput/Logs/Sun_Jul_24_15_32_13_EET_2022_logs/Android_Samsung Galaxy S20 FE INFO ] 2022-07-24 15:32:30.106 BasePage:88 - Clearing: Password Textbox
[/Users/hagar.abdelsamad/Downloads/Appium Automation/LatestVersionForAmr/AppiumAutomationFramework/FrameworkOutput/Logs/Sun_Jul_24_15_32_13_EET_2022_logs/Android_Samsung Galaxy S20 FE INFO ] 2022-07-24 15:32:31.780 BasePage:81 - Login button is clicked
[/Users/hagar.abdelsamad/Downloads/Appium Automation/LatestVersionForAmr/AppiumAutomationFramework/FrameworkOutput/Logs/Sun_Jul_24_15_32_13_EET_2022_logs/Android_Samsung Galaxy S20 FE INFO ] 2022-07-24 15:32:32.968 BasePage:131 - Attribute: text - value for Username and password do not match any user in this service. is - Username and password do not match any user in this service.
[/Users/hagar.abdelsamad/Downloads/Appium Automation/LatestVersionForAmr/AppiumAutomationFramework/FrameworkOutput/Logs/Sun_Jul_24_15_32_13_EET_2022_logs/Android_Samsung Galaxy S20 FE INFO ] 2022-07-24 15:32:33.071 VerificationUtils:31 - Actual: Username and password do not match any user in this service.
[/Users/hagar.abdelsamad/Downloads/Appium Automation/LatestVersionForAmr/AppiumAutomationFramework/FrameworkOutput/Logs/Sun_Jul_24_15_32_13_EET_2022_logs/Android_Samsung Galaxy S20 FE INFO ] 2022-07-24 15:32:33.072 VerificationUtils:32 - Expected: Username and password do not match any user in this service.
[/Users/hagar.abdelsamad/Downloads/Appium Automation/LatestVersionForAmr/AppiumAutomationFramework/FrameworkOutput/Logs/Sun_Jul_24_15_32_13_EET_2022_logs/Android_Samsung Galaxy S20 FE DEBUG] 2022-07-24 15:32:33.504 LoginTests:54 - ******************* Test ended: invalidPassword*******************
[/Users/hagar.abdelsamad/Downloads/Appium Automation/LatestVersionForAmr/AppiumAutomationFramework/FrameworkOutput/Logs/Sun_Jul_24_15_32_13_EET_2022_logs/Android_Samsung Galaxy S20 FE DEBUG] 2022-07-24 15:32:33.505 LoginTests:55 - ---------------------------------------------------
[/Users/hagar.abdelsamad/Downloads/Appium Automation/LatestVersionForAmr/AppiumAutomationFramework/FrameworkOutput/Logs/Sun_Jul_24_15_32_13_EET_2022_logs/Android_Samsung Galaxy S20 FE DEBUG] 2022-07-24 15:32:34.994 LoginTests:47 - ---------------------------------------------------
[/Users/hagar.abdelsamad/Downloads/Appium Automation/LatestVersionForAmr/AppiumAutomationFramework/FrameworkOutput/Logs/Sun_Jul_24_15_32_13_EET_2022_logs/Android_Samsung Galaxy S20 FE DEBUG] 2022-07-24 15:32:34.994 LoginTests:48 - ******************* Test started: invalidUserName*******************
[/Users/hagar.abdelsamad/Downloads/Appium Automation/LatestVersionForAmr/AppiumAutomationFramework/FrameworkOutput/Logs/Sun_Jul_24_15_32_13_EET_2022_logs/Android_Samsung Galaxy S20 FE INFO ] 2022-07-24 15:32:35.080 BasePage:103 - Filling invalidusername in Username Textbox
[/Users/hagar.abdelsamad/Downloads/Appium Automation/LatestVersionForAmr/AppiumAutomationFramework/FrameworkOutput/Logs/Sun_Jul_24_15_32_13_EET_2022_logs/Android_Samsung Galaxy S20 FE INFO ] 2022-07-24 15:32:35.148 BasePage:88 - Clearing: Username Textbox
[/Users/hagar.abdelsamad/Downloads/Appium Automation/LatestVersionForAmr/AppiumAutomationFramework/FrameworkOutput/Logs/Sun_Jul_24_15_32_13_EET_2022_logs/Android_Samsung Galaxy S20 FE INFO ] 2022-07-24 15:32:36.915 BasePage:103 - Filling secret_sauce in Password Textbox
[/Users/hagar.abdelsamad/Downloads/Appium Automation/LatestVersionForAmr/AppiumAutomationFramework/FrameworkOutput/Logs/Sun_Jul_24_15_32_13_EET_2022_logs/Android_Samsung Galaxy S20 FE INFO ] 2022-07-24 15:32:36.972 BasePage:88 - Clearing: Password Textbox
[/Users/hagar.abdelsamad/Downloads/Appium Automation/LatestVersionForAmr/AppiumAutomationFramework/FrameworkOutput/Logs/Sun_Jul_24_15_32_13_EET_2022_logs/Android_Samsung Galaxy S20 FE INFO ] 2022-07-24 15:32:38.134 BasePage:81 - Login button is clicked
[/Users/hagar.abdelsamad/Downloads/Appium Automation/LatestVersionForAmr/AppiumAutomationFramework/FrameworkOutput/Logs/Sun_Jul_24_15_32_13_EET_2022_logs/Android_Samsung Galaxy S20 FE INFO ] 2022-07-24 15:32:38.537 BasePage:131 - Attribute: text - value for Username and password do not match any user in this service. is - Username and password do not match any user in this service.
[/Users/hagar.abdelsamad/Downloads/Appium Automation/LatestVersionForAmr/AppiumAutomationFramework/FrameworkOutput/Logs/Sun_Jul_24_15_32_13_EET_2022_logs/Android_Samsung Galaxy S20 FE INFO ] 2022-07-24 15:32:38.634 VerificationUtils:31 - Actual: Username and password do not match any user in this service.
[/Users/hagar.abdelsamad/Downloads/Appium Automation/LatestVersionForAmr/AppiumAutomationFramework/FrameworkOutput/Logs/Sun_Jul_24_15_32_13_EET_2022_logs/Android_Samsung Galaxy S20 FE INFO ] 2022-07-24 15:32:38.634 VerificationUtils:32 - Expected: Username and password do not match any user in this service.
[/Users/hagar.abdelsamad/Downloads/Appium Automation/LatestVersionForAmr/AppiumAutomationFramework/FrameworkOutput/Logs/Sun_Jul_24_15_32_13_EET_2022_logs/Android_Samsung Galaxy S20 FE DEBUG] 2022-07-24 15:32:39.049 LoginTests:54 - ******************* Test ended: invalidUserName*******************
[/Users/hagar.abdelsamad/Downloads/Appium Automation/LatestVersionForAmr/AppiumAutomationFramework/FrameworkOutput/Logs/Sun_Jul_24_15_32_13_EET_2022_logs/Android_Samsung Galaxy S20 FE DEBUG] 2022-07-24 15:32:39.050 LoginTests:55 - ---------------------------------------------------
[/Users/hagar.abdelsamad/Downloads/Appium Automation/LatestVersionForAmr/AppiumAutomationFramework/FrameworkOutput/Logs/Sun_Jul_24_15_32_13_EET_2022_logs/Android_Samsung Galaxy S20 FE DEBUG] 2022-07-24 15:32:40.545 LoginTests:47 - ---------------------------------------------------
[/Users/hagar.abdelsamad/Downloads/Appium Automation/LatestVersionForAmr/AppiumAutomationFramework/FrameworkOutput/Logs/Sun_Jul_24_15_32_13_EET_2022_logs/Android_Samsung Galaxy S20 FE DEBUG] 2022-07-24 15:32:40.546 LoginTests:48 - ******************* Test started: successfulLogin*******************
[/Users/hagar.abdelsamad/Downloads/Appium Automation/LatestVersionForAmr/AppiumAutomationFramework/FrameworkOutput/Logs/Sun_Jul_24_15_32_13_EET_2022_logs/Android_Samsung Galaxy S20 FE INFO ] 2022-07-24 15:32:40.605 BasePage:103 - Filling standard_user in Username Textbox
[/Users/hagar.abdelsamad/Downloads/Appium Automation/LatestVersionForAmr/AppiumAutomationFramework/FrameworkOutput/Logs/Sun_Jul_24_15_32_13_EET_2022_logs/Android_Samsung Galaxy S20 FE INFO ] 2022-07-24 15:32:40.662 BasePage:88 - Clearing: Username Textbox
[/Users/hagar.abdelsamad/Downloads/Appium Automation/LatestVersionForAmr/AppiumAutomationFramework/FrameworkOutput/Logs/Sun_Jul_24_15_32_13_EET_2022_logs/Android_Samsung Galaxy S20 FE INFO ] 2022-07-24 15:32:41.911 BasePage:103 - Filling secret_sauce in Password Textbox
[/Users/hagar.abdelsamad/Downloads/Appium Automation/LatestVersionForAmr/AppiumAutomationFramework/FrameworkOutput/Logs/Sun_Jul_24_15_32_13_EET_2022_logs/Android_Samsung Galaxy S20 FE INFO ] 2022-07-24 15:32:41.966 BasePage:88 - Clearing: Password Textbox
[/Users/hagar.abdelsamad/Downloads/Appium Automation/LatestVersionForAmr/AppiumAutomationFramework/FrameworkOutput/Logs/Sun_Jul_24_15_32_13_EET_2022_logs/Android_Samsung Galaxy S20 FE INFO ] 2022-07-24 15:32:43.128 BasePage:81 - Login button is clicked
[/Users/hagar.abdelsamad/Downloads/Appium Automation/LatestVersionForAmr/AppiumAutomationFramework/FrameworkOutput/Logs/Sun_Jul_24_15_32_13_EET_2022_logs/Android_Samsung Galaxy S20 FE INFO ] 2022-07-24 15:32:44.710 BasePage:131 - Attribute: text - value for PRODUCTS is - PRODUCTS
[/Users/hagar.abdelsamad/Downloads/Appium Automation/LatestVersionForAmr/AppiumAutomationFramework/FrameworkOutput/Logs/Sun_Jul_24_15_32_13_EET_2022_logs/Android_Samsung Galaxy S20 FE INFO ] 2022-07-24 15:32:44.845 VerificationUtils:31 - Actual: PRODUCTS
[/Users/hagar.abdelsamad/Downloads/Appium Automation/LatestVersionForAmr/AppiumAutomationFramework/FrameworkOutput/Logs/Sun_Jul_24_15_32_13_EET_2022_logs/Android_Samsung Galaxy S20 FE INFO ] 2022-07-24 15:32:44.845 VerificationUtils:32 - Expected: PRODUCTS
[/Users/hagar.abdelsamad/Downloads/Appium Automation/LatestVersionForAmr/AppiumAutomationFramework/FrameworkOutput/Logs/Sun_Jul_24_15_32_13_EET_2022_logs/Android_Samsung Galaxy S20 FE DEBUG] 2022-07-24 15:32:45.662 LoginTests:54 - ******************* Test ended: successfulLogin*******************
[/Users/hagar.abdelsamad/Downloads/Appium Automation/LatestVersionForAmr/AppiumAutomationFramework/FrameworkOutput/Logs/Sun_Jul_24_15_32_13_EET_2022_logs/Android_Samsung Galaxy S20 FE DEBUG] 2022-07-24 15:32:45.662 LoginTests:55 - ---------------------------------------------------
[/Users/hagar.abdelsamad/Downloads/Appium Automation/LatestVersionForAmr/AppiumAutomationFramework/FrameworkOutput/Logs/Sun_Jul_24_15_32_13_EET_2022_logs/Android_Samsung Galaxy S20 FE DEBUG] 2022-07-24 15:32:48.534 ProductTests:55 - ---------------------------------------------------
[/Users/hagar.abdelsamad/Downloads/Appium Automation/LatestVersionForAmr/AppiumAutomationFramework/FrameworkOutput/Logs/Sun_Jul_24_15_32_13_EET_2022_logs/Android_Samsung Galaxy S20 FE DEBUG] 2022-07-24 15:32:48.535 ProductTests:56 - ******************* Test started: validateProductOnProductDetailsPage*******************
[/Users/hagar.abdelsamad/Downloads/Appium Automation/LatestVersionForAmr/AppiumAutomationFramework/FrameworkOutput/Logs/Sun_Jul_24_15_32_13_EET_2022_logs/Android_Samsung Galaxy S20 FE INFO ] 2022-07-24 15:32:48.624 BasePage:103 - Filling standard_user in Username Textbox
[/Users/hagar.abdelsamad/Downloads/Appium Automation/LatestVersionForAmr/AppiumAutomationFramework/FrameworkOutput/Logs/Sun_Jul_24_15_32_13_EET_2022_logs/Android_Samsung Galaxy S20 FE INFO ] 2022-07-24 15:32:48.682 BasePage:88 - Clearing: Username Textbox
[/Users/hagar.abdelsamad/Downloads/Appium Automation/LatestVersionForAmr/AppiumAutomationFramework/FrameworkOutput/Logs/Sun_Jul_24_15_32_13_EET_2022_logs/Android_Samsung Galaxy S20 FE INFO ] 2022-07-24 15:32:49.847 BasePage:103 - Filling secret_sauce in Password Textbox
[/Users/hagar.abdelsamad/Downloads/Appium Automation/LatestVersionForAmr/AppiumAutomationFramework/FrameworkOutput/Logs/Sun_Jul_24_15_32_13_EET_2022_logs/Android_Samsung Galaxy S20 FE INFO ] 2022-07-24 15:32:49.909 BasePage:88 - Clearing: Password Textbox
[/Users/hagar.abdelsamad/Downloads/Appium Automation/LatestVersionForAmr/AppiumAutomationFramework/FrameworkOutput/Logs/Sun_Jul_24_15_32_13_EET_2022_logs/Android_Samsung Galaxy S20 FE INFO ] 2022-07-24 15:32:51.551 BasePage:81 - Login button is clicked
[/Users/hagar.abdelsamad/Downloads/Appium Automation/LatestVersionForAmr/AppiumAutomationFramework/FrameworkOutput/Logs/Sun_Jul_24_15_32_13_EET_2022_logs/Android_Samsung Galaxy S20 FE INFO ] 2022-07-24 15:32:53.030 BasePage:131 - Attribute: text - value for PRODUCTS is - PRODUCTS
[/Users/hagar.abdelsamad/Downloads/Appium Automation/LatestVersionForAmr/AppiumAutomationFramework/FrameworkOutput/Logs/Sun_Jul_24_15_32_13_EET_2022_logs/Android_Samsung Galaxy S20 FE INFO ] 2022-07-24 15:32:53.130 VerificationUtils:31 - Actual: PRODUCTS
[/Users/hagar.abdelsamad/Downloads/Appium Automation/LatestVersionForAmr/AppiumAutomationFramework/FrameworkOutput/Logs/Sun_Jul_24_15_32_13_EET_2022_logs/Android_Samsung Galaxy S20 FE INFO ] 2022-07-24 15:32:53.131 VerificationUtils:32 - Expected: PRODUCTS
[/Users/hagar.abdelsamad/Downloads/Appium Automation/LatestVersionForAmr/AppiumAutomationFramework/FrameworkOutput/Logs/Sun_Jul_24_15_32_13_EET_2022_logs/Android_Samsung Galaxy S20 FE INFO ] 2022-07-24 15:32:54.160 BasePage:74 - Sauce Labs Backpack is clicked
[/Users/hagar.abdelsamad/Downloads/Appium Automation/LatestVersionForAmr/AppiumAutomationFramework/FrameworkOutput/Logs/Sun_Jul_24_15_32_13_EET_2022_logs/Android_Samsung Galaxy S20 FE INFO ] 2022-07-24 15:32:55.555 BasePage:131 - Attribute: text - value for Sauce Labs Backpack is - Sauce Labs Backpack
[/Users/hagar.abdelsamad/Downloads/Appium Automation/LatestVersionForAmr/AppiumAutomationFramework/FrameworkOutput/Logs/Sun_Jul_24_15_32_13_EET_2022_logs/Android_Samsung Galaxy S20 FE INFO ] 2022-07-24 15:32:55.626 VerificationUtils:31 - Actual: Sauce Labs Backpack
[/Users/hagar.abdelsamad/Downloads/Appium Automation/LatestVersionForAmr/AppiumAutomationFramework/FrameworkOutput/Logs/Sun_Jul_24_15_32_13_EET_2022_logs/Android_Samsung Galaxy S20 FE INFO ] 2022-07-24 15:32:55.626 VerificationUtils:32 - Expected: Sauce Labs Backpack
[/Users/hagar.abdelsamad/Downloads/Appium Automation/LatestVersionForAmr/AppiumAutomationFramework/FrameworkOutput/Logs/Sun_Jul_24_15_32_13_EET_2022_logs/Android_Samsung Galaxy S20 FE INFO ] 2022-07-24 15:32:56.520 BasePage:131 - Attribute: text - value for carry.allTheThings() with the sleek, streamlined Sly Pack that melds uncompromising style with unequaled laptop and tablet protection. is - carry.allTheThings() with the sleek, streamlined Sly Pack that melds uncompromising style with unequaled laptop and tablet protection.
[/Users/hagar.abdelsamad/Downloads/Appium Automation/LatestVersionForAmr/AppiumAutomationFramework/FrameworkOutput/Logs/Sun_Jul_24_15_32_13_EET_2022_logs/Android_Samsung Galaxy S20 FE INFO ] 2022-07-24 15:32:56.604 VerificationUtils:31 - Actual: carry.allTheThings() with the sleek, streamlined Sly Pack that melds uncompromising style with unequaled laptop and tablet protection.
[/Users/hagar.abdelsamad/Downloads/Appium Automation/LatestVersionForAmr/AppiumAutomationFramework/FrameworkOutput/Logs/Sun_Jul_24_15_32_13_EET_2022_logs/Android_Samsung Galaxy S20 FE INFO ] 2022-07-24 15:32:56.604 VerificationUtils:32 - Expected: carry.allTheThings() with the sleek, streamlined Sly Pack that melds uncompromising style with unequaled laptop and tablet protection.
[/Users/hagar.abdelsamad/Downloads/Appium Automation/LatestVersionForAmr/AppiumAutomationFramework/FrameworkOutput/Logs/Sun_Jul_24_15_32_13_EET_2022_logs/Android_Samsung Galaxy S20 FE INFO ] 2022-07-24 15:33:00.097 BasePage:131 - Attribute: text - value for $29.99 is - $29.99
[/Users/hagar.abdelsamad/Downloads/Appium Automation/LatestVersionForAmr/AppiumAutomationFramework/FrameworkOutput/Logs/Sun_Jul_24_15_32_13_EET_2022_logs/Android_Samsung Galaxy S20 FE INFO ] 2022-07-24 15:33:00.163 VerificationUtils:31 - Actual: $29.99
[/Users/hagar.abdelsamad/Downloads/Appium Automation/LatestVersionForAmr/AppiumAutomationFramework/FrameworkOutput/Logs/Sun_Jul_24_15_32_13_EET_2022_logs/Android_Samsung Galaxy S20 FE INFO ] 2022-07-24 15:33:00.164 VerificationUtils:32 - Expected: $29.99
[/Users/hagar.abdelsamad/Downloads/Appium Automation/LatestVersionForAmr/AppiumAutomationFramework/FrameworkOutput/Logs/Sun_Jul_24_15_32_13_EET_2022_logs/Android_Samsung Galaxy S20 FE DEBUG] 2022-07-24 15:33:00.537 ProductTests:63 - ******************* Test ended: validateProductOnProductDetailsPage*******************
[/Users/hagar.abdelsamad/Downloads/Appium Automation/LatestVersionForAmr/AppiumAutomationFramework/FrameworkOutput/Logs/Sun_Jul_24_15_32_13_EET_2022_logs/Android_Samsung Galaxy S20 FE DEBUG] 2022-07-24 15:33:00.538 ProductTests:64 - ---------------------------------------------------
[/Users/hagar.abdelsamad/Downloads/Appium Automation/LatestVersionForAmr/AppiumAutomationFramework/FrameworkOutput/Logs/Sun_Jul_24_15_32_13_EET_2022_logs/Android_Samsung Galaxy S20 FE DEBUG] 2022-07-24 15:33:04.347 ProductTests:55 - ---------------------------------------------------
[/Users/hagar.abdelsamad/Downloads/Appium Automation/LatestVersionForAmr/AppiumAutomationFramework/FrameworkOutput/Logs/Sun_Jul_24_15_32_13_EET_2022_logs/Android_Samsung Galaxy S20 FE DEBUG] 2022-07-24 15:33:04.347 ProductTests:56 - ******************* Test started: validateProductOnProductsPage*******************
[/Users/hagar.abdelsamad/Downloads/Appium Automation/LatestVersionForAmr/AppiumAutomationFramework/FrameworkOutput/Logs/Sun_Jul_24_15_32_13_EET_2022_logs/Android_Samsung Galaxy S20 FE INFO ] 2022-07-24 15:33:04.429 BasePage:103 - Filling standard_user in Username Textbox
[/Users/hagar.abdelsamad/Downloads/Appium Automation/LatestVersionForAmr/AppiumAutomationFramework/FrameworkOutput/Logs/Sun_Jul_24_15_32_13_EET_2022_logs/Android_Samsung Galaxy S20 FE INFO ] 2022-07-24 15:33:04.480 BasePage:88 - Clearing: Username Textbox
[/Users/hagar.abdelsamad/Downloads/Appium Automation/LatestVersionForAmr/AppiumAutomationFramework/FrameworkOutput/Logs/Sun_Jul_24_15_32_13_EET_2022_logs/Android_Samsung Galaxy S20 FE INFO ] 2022-07-24 15:33:05.616 BasePage:103 - Filling secret_sauce in Password Textbox
[/Users/hagar.abdelsamad/Downloads/Appium Automation/LatestVersionForAmr/AppiumAutomationFramework/FrameworkOutput/Logs/Sun_Jul_24_15_32_13_EET_2022_logs/Android_Samsung Galaxy S20 FE INFO ] 2022-07-24 15:33:05.664 BasePage:88 - Clearing: Password Textbox
[/Users/hagar.abdelsamad/Downloads/Appium Automation/LatestVersionForAmr/AppiumAutomationFramework/FrameworkOutput/Logs/Sun_Jul_24_15_32_13_EET_2022_logs/Android_Samsung Galaxy S20 FE INFO ] 2022-07-24 15:33:06.813 BasePage:81 - Login button is clicked
[/Users/hagar.abdelsamad/Downloads/Appium Automation/LatestVersionForAmr/AppiumAutomationFramework/FrameworkOutput/Logs/Sun_Jul_24_15_32_13_EET_2022_logs/Android_Samsung Galaxy S20 FE INFO ] 2022-07-24 15:33:08.264 BasePage:131 - Attribute: text - value for PRODUCTS is - PRODUCTS
[/Users/hagar.abdelsamad/Downloads/Appium Automation/LatestVersionForAmr/AppiumAutomationFramework/FrameworkOutput/Logs/Sun_Jul_24_15_32_13_EET_2022_logs/Android_Samsung Galaxy S20 FE INFO ] 2022-07-24 15:33:08.351 VerificationUtils:31 - Actual: PRODUCTS
[/Users/hagar.abdelsamad/Downloads/Appium Automation/LatestVersionForAmr/AppiumAutomationFramework/FrameworkOutput/Logs/Sun_Jul_24_15_32_13_EET_2022_logs/Android_Samsung Galaxy S20 FE INFO ] 2022-07-24 15:33:08.351 VerificationUtils:32 - Expected: PRODUCTS
[/Users/hagar.abdelsamad/Downloads/Appium Automation/LatestVersionForAmr/AppiumAutomationFramework/FrameworkOutput/Logs/Sun_Jul_24_15_32_13_EET_2022_logs/Android_Samsung Galaxy S20 FE INFO ] 2022-07-24 15:33:09.413 BasePage:131 - Attribute: text - value for Sauce Labs Backpack is - Sauce Labs Backpack
[/Users/hagar.abdelsamad/Downloads/Appium Automation/LatestVersionForAmr/AppiumAutomationFramework/FrameworkOutput/Logs/Sun_Jul_24_15_32_13_EET_2022_logs/Android_Samsung Galaxy S20 FE INFO ] 2022-07-24 15:33:09.486 VerificationUtils:31 - Actual: Sauce Labs Backpack
[/Users/hagar.abdelsamad/Downloads/Appium Automation/LatestVersionForAmr/AppiumAutomationFramework/FrameworkOutput/Logs/Sun_Jul_24_15_32_13_EET_2022_logs/Android_Samsung Galaxy S20 FE INFO ] 2022-07-24 15:33:09.486 VerificationUtils:32 - Expected: Sauce Labs Backpack
[/Users/hagar.abdelsamad/Downloads/Appium Automation/LatestVersionForAmr/AppiumAutomationFramework/FrameworkOutput/Logs/Sun_Jul_24_15_32_13_EET_2022_logs/Android_Samsung Galaxy S20 FE INFO ] 2022-07-24 15:33:10.564 BasePage:131 - Attribute: text - value for $29.99 is - $29.99
[/Users/hagar.abdelsamad/Downloads/Appium Automation/LatestVersionForAmr/AppiumAutomationFramework/FrameworkOutput/Logs/Sun_Jul_24_15_32_13_EET_2022_logs/Android_Samsung Galaxy S20 FE INFO ] 2022-07-24 15:33:10.647 VerificationUtils:31 - Actual: $29.99
[/Users/hagar.abdelsamad/Downloads/Appium Automation/LatestVersionForAmr/AppiumAutomationFramework/FrameworkOutput/Logs/Sun_Jul_24_15_32_13_EET_2022_logs/Android_Samsung Galaxy S20 FE INFO ] 2022-07-24 15:33:10.647 VerificationUtils:32 - Expected: $29.99
[/Users/hagar.abdelsamad/Downloads/Appium Automation/LatestVersionForAmr/AppiumAutomationFramework/FrameworkOutput/Logs/Sun_Jul_24_15_32_13_EET_2022_logs/Android_Samsung Galaxy S20 FE INFO ] 2022-07-24 15:33:11.543 BasePage:81 - Settings button is clicked
[/Users/hagar.abdelsamad/Downloads/Appium Automation/LatestVersionForAmr/AppiumAutomationFramework/FrameworkOutput/Logs/Sun_Jul_24_15_32_13_EET_2022_logs/Android_Samsung Galaxy S20 FE INFO ] 2022-07-24 15:33:13.297 BasePage:81 - Logout button is clicked
[/Users/hagar.abdelsamad/Downloads/Appium Automation/LatestVersionForAmr/AppiumAutomationFramework/FrameworkOutput/Logs/Sun_Jul_24_15_32_13_EET_2022_logs/Android_Samsung Galaxy S20 FE DEBUG] 2022-07-24 15:33:13.837 ProductTests:63 - ******************* Test ended: validateProductOnProductsPage*******************
[/Users/hagar.abdelsamad/Downloads/Appium Automation/LatestVersionForAmr/AppiumAutomationFramework/FrameworkOutput/Logs/Sun_Jul_24_15_32_13_EET_2022_logs/Android_Samsung Galaxy S20 FE DEBUG] 2022-07-24 15:33:13.839 ProductTests:64 - ---------------------------------------------------
[/Users/hagar.abdelsamad/Downloads/Appium Automation/LatestVersionForAmr/AppiumAutomationFramework/FrameworkOutput/Logs/Sun_Jul_24_15_32_13_EET_2022_logs/Android_Samsung Galaxy S20 FE DEBUG] 2022-07-24 15:33:17.347 ProductTests:55 - ---------------------------------------------------
[/Users/hagar.abdelsamad/Downloads/Appium Automation/LatestVersionForAmr/AppiumAutomationFramework/FrameworkOutput/Logs/Sun_Jul_24_15_32_13_EET_2022_logs/Android_Samsung Galaxy S20 FE DEBUG] 2022-07-24 15:33:17.347 ProductTests:56 - ******************* Test started: validateProductOnProductsPage*******************
[/Users/hagar.abdelsamad/Downloads/Appium Automation/LatestVersionForAmr/AppiumAutomationFramework/FrameworkOutput/Logs/Sun_Jul_24_15_32_13_EET_2022_logs/Android_Samsung Galaxy S20 FE INFO ] 2022-07-24 15:33:17.426 BasePage:103 - Filling standard_user in Username Textbox
[/Users/hagar.abdelsamad/Downloads/Appium Automation/LatestVersionForAmr/AppiumAutomationFramework/FrameworkOutput/Logs/Sun_Jul_24_15_32_13_EET_2022_logs/Android_Samsung Galaxy S20 FE INFO ] 2022-07-24 15:33:17.477 BasePage:88 - Clearing: Username Textbox
[/Users/hagar.abdelsamad/Downloads/Appium Automation/LatestVersionForAmr/AppiumAutomationFramework/FrameworkOutput/Logs/Sun_Jul_24_15_32_13_EET_2022_logs/Android_Samsung Galaxy S20 FE INFO ] 2022-07-24 15:33:19.110 BasePage:103 - Filling secret_sauce in Password Textbox
[/Users/hagar.abdelsamad/Downloads/Appium Automation/LatestVersionForAmr/AppiumAutomationFramework/FrameworkOutput/Logs/Sun_Jul_24_15_32_13_EET_2022_logs/Android_Samsung Galaxy S20 FE INFO ] 2022-07-24 15:33:19.160 BasePage:88 - Clearing: Password Textbox
[/Users/hagar.abdelsamad/Downloads/Appium Automation/LatestVersionForAmr/AppiumAutomationFramework/FrameworkOutput/Logs/Sun_Jul_24_15_32_13_EET_2022_logs/Android_Samsung Galaxy S20 FE INFO ] 2022-07-24 15:33:20.798 BasePage:81 - Login button is clicked
[/Users/hagar.abdelsamad/Downloads/Appium Automation/LatestVersionForAmr/AppiumAutomationFramework/FrameworkOutput/Logs/Sun_Jul_24_15_32_13_EET_2022_logs/Android_Samsung Galaxy S20 FE INFO ] 2022-07-24 15:33:22.258 BasePage:131 - Attribute: text - value for PRODUCTS is - PRODUCTS
[/Users/hagar.abdelsamad/Downloads/Appium Automation/LatestVersionForAmr/AppiumAutomationFramework/FrameworkOutput/Logs/Sun_Jul_24_15_32_13_EET_2022_logs/Android_Samsung Galaxy S20 FE INFO ] 2022-07-24 15:33:22.339 VerificationUtils:31 - Actual: PRODUCTS
[/Users/hagar.abdelsamad/Downloads/Appium Automation/LatestVersionForAmr/AppiumAutomationFramework/FrameworkOutput/Logs/Sun_Jul_24_15_32_13_EET_2022_logs/Android_Samsung Galaxy S20 FE INFO ] 2022-07-24 15:33:22.340 VerificationUtils:32 - Expected: PRODUCTS
[/Users/hagar.abdelsamad/Downloads/Appium Automation/LatestVersionForAmr/AppiumAutomationFramework/FrameworkOutput/Logs/Sun_Jul_24_15_32_13_EET_2022_logs/Android_Samsung Galaxy S20 FE INFO ] 2022-07-24 15:33:23.354 BasePage:131 - Attribute: text - value for Sauce Labs Backpack is - Sauce Labs Backpack
[/Users/hagar.abdelsamad/Downloads/Appium Automation/LatestVersionForAmr/AppiumAutomationFramework/FrameworkOutput/Logs/Sun_Jul_24_15_32_13_EET_2022_logs/Android_Samsung Galaxy S20 FE INFO ] 2022-07-24 15:33:23.422 VerificationUtils:31 - Actual: Sauce Labs Backpack
[/Users/hagar.abdelsamad/Downloads/Appium Automation/LatestVersionForAmr/AppiumAutomationFramework/FrameworkOutput/Logs/Sun_Jul_24_15_32_13_EET_2022_logs/Android_Samsung Galaxy S20 FE INFO ] 2022-07-24 15:33:23.422 VerificationUtils:32 - Expected: Sauce Labs Backpack
[/Users/hagar.abdelsamad/Downloads/Appium Automation/LatestVersionForAmr/AppiumAutomationFramework/FrameworkOutput/Logs/Sun_Jul_24_15_32_13_EET_2022_logs/Android_Samsung Galaxy S20 FE INFO ] 2022-07-24 15:33:24.426 BasePage:131 - Attribute: text - value for $29.99 is - $29.99
[/Users/hagar.abdelsamad/Downloads/Appium Automation/LatestVersionForAmr/AppiumAutomationFramework/FrameworkOutput/Logs/Sun_Jul_24_15_32_13_EET_2022_logs/Android_Samsung Galaxy S20 FE INFO ] 2022-07-24 15:33:24.498 VerificationUtils:31 - Actual: $29.99
[/Users/hagar.abdelsamad/Downloads/Appium Automation/LatestVersionForAmr/AppiumAutomationFramework/FrameworkOutput/Logs/Sun_Jul_24_15_32_13_EET_2022_logs/Android_Samsung Galaxy S20 FE INFO ] 2022-07-24 15:33:24.498 VerificationUtils:32 - Expected: $29.99
[/Users/hagar.abdelsamad/Downloads/Appium Automation/LatestVersionForAmr/AppiumAutomationFramework/FrameworkOutput/Logs/Sun_Jul_24_15_32_13_EET_2022_logs/Android_Samsung Galaxy S20 FE INFO ] 2022-07-24 15:33:25.393 BasePage:81 - Settings button is clicked
[/Users/hagar.abdelsamad/Downloads/Appium Automation/LatestVersionForAmr/AppiumAutomationFramework/FrameworkOutput/Logs/Sun_Jul_24_15_32_13_EET_2022_logs/Android_Samsung Galaxy S20 FE INFO ] 2022-07-24 15:33:27.187 BasePage:81 - Logout button is clicked
[/Users/hagar.abdelsamad/Downloads/Appium Automation/LatestVersionForAmr/AppiumAutomationFramework/FrameworkOutput/Logs/Sun_Jul_24_15_32_13_EET_2022_logs/Android_Samsung Galaxy S20 FE DEBUG] 2022-07-24 15:33:27.676 ProductTests:63 - ******************* Test ended: validateProductOnProductsPage*******************
[/Users/hagar.abdelsamad/Downloads/Appium Automation/LatestVersionForAmr/AppiumAutomationFramework/FrameworkOutput/Logs/Sun_Jul_24_15_32_13_EET_2022_logs/Android_Samsung Galaxy S20 FE DEBUG] 2022-07-24 15:33:27.677 ProductTests:64 - ---------------------------------------------------
