[/Users/hagar.abdelsamad/Downloads/Appium Automation/LatestVersionForAmr/AppiumAutomationFramework/FrameworkOutput/Logs/Sun_Jul_24_18_25_48_EET_2022_logs/Android_Samsung Galaxy S20 FE DEBUG] 2022-07-24 18:25:50.894 BaseTest:76 - Log file path: /Users/hagar.abdelsamad/Downloads/Appium Automation/LatestVersionForAmr/AppiumAutomationFramework/FrameworkOutput/Logs/Sun_Jul_24_18_25_48_EET_2022_logs/Android_Samsung Galaxy S20 FE
[/Users/hagar.abdelsamad/Downloads/Appium Automation/LatestVersionForAmr/AppiumAutomationFramework/FrameworkOutput/Logs/Sun_Jul_24_18_25_48_EET_2022_logs/Android_Samsung Galaxy S20 FE DEBUG] 2022-07-24 18:25:58.436 BaseTest:95 - sessionId: 2dab4d85-6681-467b-959e-54360493d38c
[/Users/hagar.abdelsamad/Downloads/Appium Automation/LatestVersionForAmr/AppiumAutomationFramework/FrameworkOutput/Logs/Sun_Jul_24_18_25_48_EET_2022_logs/Android_Samsung Galaxy S20 FE DEBUG] 2022-07-24 18:25:59.057 LoginTests:47 - ---------------------------------------------------
[/Users/hagar.abdelsamad/Downloads/Appium Automation/LatestVersionForAmr/AppiumAutomationFramework/FrameworkOutput/Logs/Sun_Jul_24_18_25_48_EET_2022_logs/Android_Samsung Galaxy S20 FE DEBUG] 2022-07-24 18:25:59.057 LoginTests:48 - ******************* Test started: invalidPassword*******************
[/Users/hagar.abdelsamad/Downloads/Appium Automation/LatestVersionForAmr/AppiumAutomationFramework/FrameworkOutput/Logs/Sun_Jul_24_18_25_48_EET_2022_logs/Android_Samsung Galaxy S20 FE INFO ] 2022-07-24 18:25:59.379 BasePage:103 - Filling standard_user in Username Textbox
[/Users/hagar.abdelsamad/Downloads/Appium Automation/LatestVersionForAmr/AppiumAutomationFramework/FrameworkOutput/Logs/Sun_Jul_24_18_25_48_EET_2022_logs/Android_Samsung Galaxy S20 FE INFO ] 2022-07-24 18:25:59.438 BasePage:88 - Clearing: Username Textbox
[/Users/hagar.abdelsamad/Downloads/Appium Automation/LatestVersionForAmr/AppiumAutomationFramework/FrameworkOutput/Logs/Sun_Jul_24_18_25_48_EET_2022_logs/Android_Samsung Galaxy S20 FE INFO ] 2022-07-24 18:26:00.610 BasePage:103 - Filling invalidpassword in Password Textbox
[/Users/hagar.abdelsamad/Downloads/Appium Automation/LatestVersionForAmr/AppiumAutomationFramework/FrameworkOutput/Logs/Sun_Jul_24_18_25_48_EET_2022_logs/Android_Samsung Galaxy S20 FE INFO ] 2022-07-24 18:26:00.661 BasePage:88 - Clearing: Password Textbox
[/Users/hagar.abdelsamad/Downloads/Appium Automation/LatestVersionForAmr/AppiumAutomationFramework/FrameworkOutput/Logs/Sun_Jul_24_18_25_48_EET_2022_logs/Android_Samsung Galaxy S20 FE INFO ] 2022-07-24 18:26:01.822 BasePage:81 - Login button is clicked
[/Users/hagar.abdelsamad/Downloads/Appium Automation/LatestVersionForAmr/AppiumAutomationFramework/FrameworkOutput/Logs/Sun_Jul_24_18_25_48_EET_2022_logs/Android_Samsung Galaxy S20 FE INFO ] 2022-07-24 18:26:02.797 BasePage:131 - Attribute: text - value for Username and password do not match any user in this service. is - Username and password do not match any user in this service.
[/Users/hagar.abdelsamad/Downloads/Appium Automation/LatestVersionForAmr/AppiumAutomationFramework/FrameworkOutput/Logs/Sun_Jul_24_18_25_48_EET_2022_logs/Android_Samsung Galaxy S20 FE INFO ] 2022-07-24 18:26:02.902 VerificationUtils:31 - Actual: Username and password do not match any user in this service.
[/Users/hagar.abdelsamad/Downloads/Appium Automation/LatestVersionForAmr/AppiumAutomationFramework/FrameworkOutput/Logs/Sun_Jul_24_18_25_48_EET_2022_logs/Android_Samsung Galaxy S20 FE INFO ] 2022-07-24 18:26:02.902 VerificationUtils:32 - Expected: Username and password do not match any user in this service.
[/Users/hagar.abdelsamad/Downloads/Appium Automation/LatestVersionForAmr/AppiumAutomationFramework/FrameworkOutput/Logs/Sun_Jul_24_18_25_48_EET_2022_logs/Android_Samsung Galaxy S20 FE DEBUG] 2022-07-24 18:26:03.295 LoginTests:54 - ******************* Test ended: invalidPassword*******************
[/Users/hagar.abdelsamad/Downloads/Appium Automation/LatestVersionForAmr/AppiumAutomationFramework/FrameworkOutput/Logs/Sun_Jul_24_18_25_48_EET_2022_logs/Android_Samsung Galaxy S20 FE DEBUG] 2022-07-24 18:26:03.295 LoginTests:55 - ---------------------------------------------------
[/Users/hagar.abdelsamad/Downloads/Appium Automation/LatestVersionForAmr/AppiumAutomationFramework/FrameworkOutput/Logs/Sun_Jul_24_18_25_48_EET_2022_logs/Android_Samsung Galaxy S20 FE DEBUG] 2022-07-24 18:26:04.666 LoginTests:47 - ---------------------------------------------------
[/Users/hagar.abdelsamad/Downloads/Appium Automation/LatestVersionForAmr/AppiumAutomationFramework/FrameworkOutput/Logs/Sun_Jul_24_18_25_48_EET_2022_logs/Android_Samsung Galaxy S20 FE DEBUG] 2022-07-24 18:26:04.666 LoginTests:48 - ******************* Test started: invalidUserName*******************
[/Users/hagar.abdelsamad/Downloads/Appium Automation/LatestVersionForAmr/AppiumAutomationFramework/FrameworkOutput/Logs/Sun_Jul_24_18_25_48_EET_2022_logs/Android_Samsung Galaxy S20 FE INFO ] 2022-07-24 18:26:04.723 BasePage:103 - Filling invalidusername in Username Textbox
[/Users/hagar.abdelsamad/Downloads/Appium Automation/LatestVersionForAmr/AppiumAutomationFramework/FrameworkOutput/Logs/Sun_Jul_24_18_25_48_EET_2022_logs/Android_Samsung Galaxy S20 FE INFO ] 2022-07-24 18:26:04.775 BasePage:88 - Clearing: Username Textbox
[/Users/hagar.abdelsamad/Downloads/Appium Automation/LatestVersionForAmr/AppiumAutomationFramework/FrameworkOutput/Logs/Sun_Jul_24_18_25_48_EET_2022_logs/Android_Samsung Galaxy S20 FE INFO ] 2022-07-24 18:26:06.524 BasePage:103 - Filling secret_sauce in Password Textbox
[/Users/hagar.abdelsamad/Downloads/Appium Automation/LatestVersionForAmr/AppiumAutomationFramework/FrameworkOutput/Logs/Sun_Jul_24_18_25_48_EET_2022_logs/Android_Samsung Galaxy S20 FE INFO ] 2022-07-24 18:26:06.572 BasePage:88 - Clearing: Password Textbox
[/Users/hagar.abdelsamad/Downloads/Appium Automation/LatestVersionForAmr/AppiumAutomationFramework/FrameworkOutput/Logs/Sun_Jul_24_18_25_48_EET_2022_logs/Android_Samsung Galaxy S20 FE INFO ] 2022-07-24 18:26:08.228 BasePage:81 - Login button is clicked
[/Users/hagar.abdelsamad/Downloads/Appium Automation/LatestVersionForAmr/AppiumAutomationFramework/FrameworkOutput/Logs/Sun_Jul_24_18_25_48_EET_2022_logs/Android_Samsung Galaxy S20 FE INFO ] 2022-07-24 18:26:08.612 BasePage:131 - Attribute: text - value for Username and password do not match any user in this service. is - Username and password do not match any user in this service.
[/Users/hagar.abdelsamad/Downloads/Appium Automation/LatestVersionForAmr/AppiumAutomationFramework/FrameworkOutput/Logs/Sun_Jul_24_18_25_48_EET_2022_logs/Android_Samsung Galaxy S20 FE INFO ] 2022-07-24 18:26:08.694 VerificationUtils:31 - Actual: Username and password do not match any user in this service.
[/Users/hagar.abdelsamad/Downloads/Appium Automation/LatestVersionForAmr/AppiumAutomationFramework/FrameworkOutput/Logs/Sun_Jul_24_18_25_48_EET_2022_logs/Android_Samsung Galaxy S20 FE INFO ] 2022-07-24 18:26:08.694 VerificationUtils:32 - Expected: Username and password do not match any user in this service.
[/Users/hagar.abdelsamad/Downloads/Appium Automation/LatestVersionForAmr/AppiumAutomationFramework/FrameworkOutput/Logs/Sun_Jul_24_18_25_48_EET_2022_logs/Android_Samsung Galaxy S20 FE DEBUG] 2022-07-24 18:26:09.070 LoginTests:54 - ******************* Test ended: invalidUserName*******************
[/Users/hagar.abdelsamad/Downloads/Appium Automation/LatestVersionForAmr/AppiumAutomationFramework/FrameworkOutput/Logs/Sun_Jul_24_18_25_48_EET_2022_logs/Android_Samsung Galaxy S20 FE DEBUG] 2022-07-24 18:26:09.070 LoginTests:55 - ---------------------------------------------------
[/Users/hagar.abdelsamad/Downloads/Appium Automation/LatestVersionForAmr/AppiumAutomationFramework/FrameworkOutput/Logs/Sun_Jul_24_18_25_48_EET_2022_logs/Android_Samsung Galaxy S20 FE DEBUG] 2022-07-24 18:26:10.453 LoginTests:47 - ---------------------------------------------------
[/Users/hagar.abdelsamad/Downloads/Appium Automation/LatestVersionForAmr/AppiumAutomationFramework/FrameworkOutput/Logs/Sun_Jul_24_18_25_48_EET_2022_logs/Android_Samsung Galaxy S20 FE DEBUG] 2022-07-24 18:26:10.454 LoginTests:48 - ******************* Test started: successfulLogin*******************
[/Users/hagar.abdelsamad/Downloads/Appium Automation/LatestVersionForAmr/AppiumAutomationFramework/FrameworkOutput/Logs/Sun_Jul_24_18_25_48_EET_2022_logs/Android_Samsung Galaxy S20 FE INFO ] 2022-07-24 18:26:10.510 BasePage:103 - Filling standard_user in Username Textbox
[/Users/hagar.abdelsamad/Downloads/Appium Automation/LatestVersionForAmr/AppiumAutomationFramework/FrameworkOutput/Logs/Sun_Jul_24_18_25_48_EET_2022_logs/Android_Samsung Galaxy S20 FE INFO ] 2022-07-24 18:26:10.557 BasePage:88 - Clearing: Username Textbox
[/Users/hagar.abdelsamad/Downloads/Appium Automation/LatestVersionForAmr/AppiumAutomationFramework/FrameworkOutput/Logs/Sun_Jul_24_18_25_48_EET_2022_logs/Android_Samsung Galaxy S20 FE INFO ] 2022-07-24 18:26:12.292 BasePage:103 - Filling secret_sauce in Password Textbox
[/Users/hagar.abdelsamad/Downloads/Appium Automation/LatestVersionForAmr/AppiumAutomationFramework/FrameworkOutput/Logs/Sun_Jul_24_18_25_48_EET_2022_logs/Android_Samsung Galaxy S20 FE INFO ] 2022-07-24 18:26:12.340 BasePage:88 - Clearing: Password Textbox
[/Users/hagar.abdelsamad/Downloads/Appium Automation/LatestVersionForAmr/AppiumAutomationFramework/FrameworkOutput/Logs/Sun_Jul_24_18_25_48_EET_2022_logs/Android_Samsung Galaxy S20 FE INFO ] 2022-07-24 18:26:13.993 BasePage:81 - Login button is clicked
[/Users/hagar.abdelsamad/Downloads/Appium Automation/LatestVersionForAmr/AppiumAutomationFramework/FrameworkOutput/Logs/Sun_Jul_24_18_25_48_EET_2022_logs/Android_Samsung Galaxy S20 FE INFO ] 2022-07-24 18:26:15.578 BasePage:131 - Attribute: text - value for PRODUCTS is - PRODUCTS
[/Users/hagar.abdelsamad/Downloads/Appium Automation/LatestVersionForAmr/AppiumAutomationFramework/FrameworkOutput/Logs/Sun_Jul_24_18_25_48_EET_2022_logs/Android_Samsung Galaxy S20 FE INFO ] 2022-07-24 18:26:15.709 VerificationUtils:31 - Actual: PRODUCTS
[/Users/hagar.abdelsamad/Downloads/Appium Automation/LatestVersionForAmr/AppiumAutomationFramework/FrameworkOutput/Logs/Sun_Jul_24_18_25_48_EET_2022_logs/Android_Samsung Galaxy S20 FE INFO ] 2022-07-24 18:26:15.710 VerificationUtils:32 - Expected: PRODUCTS
[/Users/hagar.abdelsamad/Downloads/Appium Automation/LatestVersionForAmr/AppiumAutomationFramework/FrameworkOutput/Logs/Sun_Jul_24_18_25_48_EET_2022_logs/Android_Samsung Galaxy S20 FE DEBUG] 2022-07-24 18:26:16.525 LoginTests:54 - ******************* Test ended: successfulLogin*******************
[/Users/hagar.abdelsamad/Downloads/Appium Automation/LatestVersionForAmr/AppiumAutomationFramework/FrameworkOutput/Logs/Sun_Jul_24_18_25_48_EET_2022_logs/Android_Samsung Galaxy S20 FE DEBUG] 2022-07-24 18:26:16.525 LoginTests:55 - ---------------------------------------------------
[/Users/hagar.abdelsamad/Downloads/Appium Automation/LatestVersionForAmr/AppiumAutomationFramework/FrameworkOutput/Logs/Sun_Jul_24_18_25_48_EET_2022_logs/Android_Samsung Galaxy S20 FE DEBUG] 2022-07-24 18:26:19.615 ProductTests:55 - ---------------------------------------------------
[/Users/hagar.abdelsamad/Downloads/Appium Automation/LatestVersionForAmr/AppiumAutomationFramework/FrameworkOutput/Logs/Sun_Jul_24_18_25_48_EET_2022_logs/Android_Samsung Galaxy S20 FE DEBUG] 2022-07-24 18:26:19.616 ProductTests:56 - ******************* Test started: validateProductOnProductDetailsPage*******************
[/Users/hagar.abdelsamad/Downloads/Appium Automation/LatestVersionForAmr/AppiumAutomationFramework/FrameworkOutput/Logs/Sun_Jul_24_18_25_48_EET_2022_logs/Android_Samsung Galaxy S20 FE INFO ] 2022-07-24 18:26:19.695 BasePage:103 - Filling standard_user in Username Textbox
[/Users/hagar.abdelsamad/Downloads/Appium Automation/LatestVersionForAmr/AppiumAutomationFramework/FrameworkOutput/Logs/Sun_Jul_24_18_25_48_EET_2022_logs/Android_Samsung Galaxy S20 FE INFO ] 2022-07-24 18:26:19.740 BasePage:88 - Clearing: Username Textbox
[/Users/hagar.abdelsamad/Downloads/Appium Automation/LatestVersionForAmr/AppiumAutomationFramework/FrameworkOutput/Logs/Sun_Jul_24_18_25_48_EET_2022_logs/Android_Samsung Galaxy S20 FE INFO ] 2022-07-24 18:26:21.383 BasePage:103 - Filling secret_sauce in Password Textbox
[/Users/hagar.abdelsamad/Downloads/Appium Automation/LatestVersionForAmr/AppiumAutomationFramework/FrameworkOutput/Logs/Sun_Jul_24_18_25_48_EET_2022_logs/Android_Samsung Galaxy S20 FE INFO ] 2022-07-24 18:26:21.419 BasePage:88 - Clearing: Password Textbox
[/Users/hagar.abdelsamad/Downloads/Appium Automation/LatestVersionForAmr/AppiumAutomationFramework/FrameworkOutput/Logs/Sun_Jul_24_18_25_48_EET_2022_logs/Android_Samsung Galaxy S20 FE INFO ] 2022-07-24 18:26:22.564 BasePage:81 - Login button is clicked
[/Users/hagar.abdelsamad/Downloads/Appium Automation/LatestVersionForAmr/AppiumAutomationFramework/FrameworkOutput/Logs/Sun_Jul_24_18_25_48_EET_2022_logs/Android_Samsung Galaxy S20 FE INFO ] 2022-07-24 18:26:24.045 BasePage:131 - Attribute: text - value for PRODUCTS is - PRODUCTS
[/Users/hagar.abdelsamad/Downloads/Appium Automation/LatestVersionForAmr/AppiumAutomationFramework/FrameworkOutput/Logs/Sun_Jul_24_18_25_48_EET_2022_logs/Android_Samsung Galaxy S20 FE INFO ] 2022-07-24 18:26:24.127 VerificationUtils:31 - Actual: PRODUCTS
[/Users/hagar.abdelsamad/Downloads/Appium Automation/LatestVersionForAmr/AppiumAutomationFramework/FrameworkOutput/Logs/Sun_Jul_24_18_25_48_EET_2022_logs/Android_Samsung Galaxy S20 FE INFO ] 2022-07-24 18:26:24.127 VerificationUtils:32 - Expected: PRODUCTS
[/Users/hagar.abdelsamad/Downloads/Appium Automation/LatestVersionForAmr/AppiumAutomationFramework/FrameworkOutput/Logs/Sun_Jul_24_18_25_48_EET_2022_logs/Android_Samsung Galaxy S20 FE INFO ] 2022-07-24 18:26:25.114 BasePage:74 - Sauce Labs Backpack is clicked
[/Users/hagar.abdelsamad/Downloads/Appium Automation/LatestVersionForAmr/AppiumAutomationFramework/FrameworkOutput/Logs/Sun_Jul_24_18_25_48_EET_2022_logs/Android_Samsung Galaxy S20 FE INFO ] 2022-07-24 18:26:26.603 BasePage:131 - Attribute: text - value for Sauce Labs Backpack is - Sauce Labs Backpack
[/Users/hagar.abdelsamad/Downloads/Appium Automation/LatestVersionForAmr/AppiumAutomationFramework/FrameworkOutput/Logs/Sun_Jul_24_18_25_48_EET_2022_logs/Android_Samsung Galaxy S20 FE INFO ] 2022-07-24 18:26:26.671 VerificationUtils:31 - Actual: Sauce Labs Backpack
[/Users/hagar.abdelsamad/Downloads/Appium Automation/LatestVersionForAmr/AppiumAutomationFramework/FrameworkOutput/Logs/Sun_Jul_24_18_25_48_EET_2022_logs/Android_Samsung Galaxy S20 FE INFO ] 2022-07-24 18:26:26.672 VerificationUtils:32 - Expected: Sauce Labs Backpack
[/Users/hagar.abdelsamad/Downloads/Appium Automation/LatestVersionForAmr/AppiumAutomationFramework/FrameworkOutput/Logs/Sun_Jul_24_18_25_48_EET_2022_logs/Android_Samsung Galaxy S20 FE INFO ] 2022-07-24 18:26:27.564 BasePage:131 - Attribute: text - value for carry.allTheThings() with the sleek, streamlined Sly Pack that melds uncompromising style with unequaled laptop and tablet protection. is - carry.allTheThings() with the sleek, streamlined Sly Pack that melds uncompromising style with unequaled laptop and tablet protection.
[/Users/hagar.abdelsamad/Downloads/Appium Automation/LatestVersionForAmr/AppiumAutomationFramework/FrameworkOutput/Logs/Sun_Jul_24_18_25_48_EET_2022_logs/Android_Samsung Galaxy S20 FE INFO ] 2022-07-24 18:26:27.648 VerificationUtils:31 - Actual: carry.allTheThings() with the sleek, streamlined Sly Pack that melds uncompromising style with unequaled laptop and tablet protection.
[/Users/hagar.abdelsamad/Downloads/Appium Automation/LatestVersionForAmr/AppiumAutomationFramework/FrameworkOutput/Logs/Sun_Jul_24_18_25_48_EET_2022_logs/Android_Samsung Galaxy S20 FE INFO ] 2022-07-24 18:26:27.648 VerificationUtils:32 - Expected: carry.allTheThings() with the sleek, streamlined Sly Pack that melds uncompromising style with unequaled laptop and tablet protection.
[/Users/hagar.abdelsamad/Downloads/Appium Automation/LatestVersionForAmr/AppiumAutomationFramework/FrameworkOutput/Logs/Sun_Jul_24_18_25_48_EET_2022_logs/Android_Samsung Galaxy S20 FE INFO ] 2022-07-24 18:26:31.032 BasePage:131 - Attribute: text - value for $29.99 is - $29.99
[/Users/hagar.abdelsamad/Downloads/Appium Automation/LatestVersionForAmr/AppiumAutomationFramework/FrameworkOutput/Logs/Sun_Jul_24_18_25_48_EET_2022_logs/Android_Samsung Galaxy S20 FE INFO ] 2022-07-24 18:26:31.109 VerificationUtils:31 - Actual: $29.99
[/Users/hagar.abdelsamad/Downloads/Appium Automation/LatestVersionForAmr/AppiumAutomationFramework/FrameworkOutput/Logs/Sun_Jul_24_18_25_48_EET_2022_logs/Android_Samsung Galaxy S20 FE INFO ] 2022-07-24 18:26:31.109 VerificationUtils:32 - Expected: $29.99
[/Users/hagar.abdelsamad/Downloads/Appium Automation/LatestVersionForAmr/AppiumAutomationFramework/FrameworkOutput/Logs/Sun_Jul_24_18_25_48_EET_2022_logs/Android_Samsung Galaxy S20 FE DEBUG] 2022-07-24 18:26:31.481 ProductTests:63 - ******************* Test ended: validateProductOnProductDetailsPage*******************
[/Users/hagar.abdelsamad/Downloads/Appium Automation/LatestVersionForAmr/AppiumAutomationFramework/FrameworkOutput/Logs/Sun_Jul_24_18_25_48_EET_2022_logs/Android_Samsung Galaxy S20 FE DEBUG] 2022-07-24 18:26:31.481 ProductTests:64 - ---------------------------------------------------
[/Users/hagar.abdelsamad/Downloads/Appium Automation/LatestVersionForAmr/AppiumAutomationFramework/FrameworkOutput/Logs/Sun_Jul_24_18_25_48_EET_2022_logs/Android_Samsung Galaxy S20 FE DEBUG] 2022-07-24 18:26:35.307 ProductTests:55 - ---------------------------------------------------
[/Users/hagar.abdelsamad/Downloads/Appium Automation/LatestVersionForAmr/AppiumAutomationFramework/FrameworkOutput/Logs/Sun_Jul_24_18_25_48_EET_2022_logs/Android_Samsung Galaxy S20 FE DEBUG] 2022-07-24 18:26:35.308 ProductTests:56 - ******************* Test started: validateProductOnProductsPage*******************
[/Users/hagar.abdelsamad/Downloads/Appium Automation/LatestVersionForAmr/AppiumAutomationFramework/FrameworkOutput/Logs/Sun_Jul_24_18_25_48_EET_2022_logs/Android_Samsung Galaxy S20 FE INFO ] 2022-07-24 18:26:35.380 BasePage:103 - Filling standard_user in Username Textbox
[/Users/hagar.abdelsamad/Downloads/Appium Automation/LatestVersionForAmr/AppiumAutomationFramework/FrameworkOutput/Logs/Sun_Jul_24_18_25_48_EET_2022_logs/Android_Samsung Galaxy S20 FE INFO ] 2022-07-24 18:26:35.429 BasePage:88 - Clearing: Username Textbox
[/Users/hagar.abdelsamad/Downloads/Appium Automation/LatestVersionForAmr/AppiumAutomationFramework/FrameworkOutput/Logs/Sun_Jul_24_18_25_48_EET_2022_logs/Android_Samsung Galaxy S20 FE INFO ] 2022-07-24 18:26:37.064 BasePage:103 - Filling secret_sauce in Password Textbox
[/Users/hagar.abdelsamad/Downloads/Appium Automation/LatestVersionForAmr/AppiumAutomationFramework/FrameworkOutput/Logs/Sun_Jul_24_18_25_48_EET_2022_logs/Android_Samsung Galaxy S20 FE INFO ] 2022-07-24 18:26:37.108 BasePage:88 - Clearing: Password Textbox
[/Users/hagar.abdelsamad/Downloads/Appium Automation/LatestVersionForAmr/AppiumAutomationFramework/FrameworkOutput/Logs/Sun_Jul_24_18_25_48_EET_2022_logs/Android_Samsung Galaxy S20 FE INFO ] 2022-07-24 18:26:38.739 BasePage:81 - Login button is clicked
[/Users/hagar.abdelsamad/Downloads/Appium Automation/LatestVersionForAmr/AppiumAutomationFramework/FrameworkOutput/Logs/Sun_Jul_24_18_25_48_EET_2022_logs/Android_Samsung Galaxy S20 FE INFO ] 2022-07-24 18:26:40.135 BasePage:131 - Attribute: text - value for PRODUCTS is - PRODUCTS
[/Users/hagar.abdelsamad/Downloads/Appium Automation/LatestVersionForAmr/AppiumAutomationFramework/FrameworkOutput/Logs/Sun_Jul_24_18_25_48_EET_2022_logs/Android_Samsung Galaxy S20 FE INFO ] 2022-07-24 18:26:40.212 VerificationUtils:31 - Actual: PRODUCTS
[/Users/hagar.abdelsamad/Downloads/Appium Automation/LatestVersionForAmr/AppiumAutomationFramework/FrameworkOutput/Logs/Sun_Jul_24_18_25_48_EET_2022_logs/Android_Samsung Galaxy S20 FE INFO ] 2022-07-24 18:26:40.212 VerificationUtils:32 - Expected: PRODUCTS
[/Users/hagar.abdelsamad/Downloads/Appium Automation/LatestVersionForAmr/AppiumAutomationFramework/FrameworkOutput/Logs/Sun_Jul_24_18_25_48_EET_2022_logs/Android_Samsung Galaxy S20 FE INFO ] 2022-07-24 18:26:41.276 BasePage:131 - Attribute: text - value for Sauce Labs Backpack is - Sauce Labs Backpack
[/Users/hagar.abdelsamad/Downloads/Appium Automation/LatestVersionForAmr/AppiumAutomationFramework/FrameworkOutput/Logs/Sun_Jul_24_18_25_48_EET_2022_logs/Android_Samsung Galaxy S20 FE INFO ] 2022-07-24 18:26:41.343 VerificationUtils:31 - Actual: Sauce Labs Backpack
[/Users/hagar.abdelsamad/Downloads/Appium Automation/LatestVersionForAmr/AppiumAutomationFramework/FrameworkOutput/Logs/Sun_Jul_24_18_25_48_EET_2022_logs/Android_Samsung Galaxy S20 FE INFO ] 2022-07-24 18:26:41.343 VerificationUtils:32 - Expected: Sauce Labs Backpack
[/Users/hagar.abdelsamad/Downloads/Appium Automation/LatestVersionForAmr/AppiumAutomationFramework/FrameworkOutput/Logs/Sun_Jul_24_18_25_48_EET_2022_logs/Android_Samsung Galaxy S20 FE INFO ] 2022-07-24 18:26:42.376 BasePage:131 - Attribute: text - value for $29.99 is - $29.99
[/Users/hagar.abdelsamad/Downloads/Appium Automation/LatestVersionForAmr/AppiumAutomationFramework/FrameworkOutput/Logs/Sun_Jul_24_18_25_48_EET_2022_logs/Android_Samsung Galaxy S20 FE INFO ] 2022-07-24 18:26:42.444 VerificationUtils:31 - Actual: $29.99
[/Users/hagar.abdelsamad/Downloads/Appium Automation/LatestVersionForAmr/AppiumAutomationFramework/FrameworkOutput/Logs/Sun_Jul_24_18_25_48_EET_2022_logs/Android_Samsung Galaxy S20 FE INFO ] 2022-07-24 18:26:42.445 VerificationUtils:32 - Expected: $29.99
[/Users/hagar.abdelsamad/Downloads/Appium Automation/LatestVersionForAmr/AppiumAutomationFramework/FrameworkOutput/Logs/Sun_Jul_24_18_25_48_EET_2022_logs/Android_Samsung Galaxy S20 FE INFO ] 2022-07-24 18:26:43.358 BasePage:81 - Settings button is clicked
[/Users/hagar.abdelsamad/Downloads/Appium Automation/LatestVersionForAmr/AppiumAutomationFramework/FrameworkOutput/Logs/Sun_Jul_24_18_25_48_EET_2022_logs/Android_Samsung Galaxy S20 FE INFO ] 2022-07-24 18:26:45.065 BasePage:81 - Logout button is clicked
[/Users/hagar.abdelsamad/Downloads/Appium Automation/LatestVersionForAmr/AppiumAutomationFramework/FrameworkOutput/Logs/Sun_Jul_24_18_25_48_EET_2022_logs/Android_Samsung Galaxy S20 FE DEBUG] 2022-07-24 18:26:45.487 ProductTests:63 - ******************* Test ended: validateProductOnProductsPage*******************
[/Users/hagar.abdelsamad/Downloads/Appium Automation/LatestVersionForAmr/AppiumAutomationFramework/FrameworkOutput/Logs/Sun_Jul_24_18_25_48_EET_2022_logs/Android_Samsung Galaxy S20 FE DEBUG] 2022-07-24 18:26:45.488 ProductTests:64 - ---------------------------------------------------
[/Users/hagar.abdelsamad/Downloads/Appium Automation/LatestVersionForAmr/AppiumAutomationFramework/FrameworkOutput/Logs/Sun_Jul_24_18_25_48_EET_2022_logs/Android_Samsung Galaxy S20 FE DEBUG] 2022-07-24 18:26:48.832 ProductTests:55 - ---------------------------------------------------
[/Users/hagar.abdelsamad/Downloads/Appium Automation/LatestVersionForAmr/AppiumAutomationFramework/FrameworkOutput/Logs/Sun_Jul_24_18_25_48_EET_2022_logs/Android_Samsung Galaxy S20 FE DEBUG] 2022-07-24 18:26:48.832 ProductTests:56 - ******************* Test started: validateProductOnProductsPage*******************
[/Users/hagar.abdelsamad/Downloads/Appium Automation/LatestVersionForAmr/AppiumAutomationFramework/FrameworkOutput/Logs/Sun_Jul_24_18_25_48_EET_2022_logs/Android_Samsung Galaxy S20 FE INFO ] 2022-07-24 18:26:48.901 BasePage:103 - Filling standard_user in Username Textbox
[/Users/hagar.abdelsamad/Downloads/Appium Automation/LatestVersionForAmr/AppiumAutomationFramework/FrameworkOutput/Logs/Sun_Jul_24_18_25_48_EET_2022_logs/Android_Samsung Galaxy S20 FE INFO ] 2022-07-24 18:26:48.945 BasePage:88 - Clearing: Username Textbox
[/Users/hagar.abdelsamad/Downloads/Appium Automation/LatestVersionForAmr/AppiumAutomationFramework/FrameworkOutput/Logs/Sun_Jul_24_18_25_48_EET_2022_logs/Android_Samsung Galaxy S20 FE INFO ] 2022-07-24 18:26:50.569 BasePage:103 - Filling secret_sauce in Password Textbox
[/Users/hagar.abdelsamad/Downloads/Appium Automation/LatestVersionForAmr/AppiumAutomationFramework/FrameworkOutput/Logs/Sun_Jul_24_18_25_48_EET_2022_logs/Android_Samsung Galaxy S20 FE INFO ] 2022-07-24 18:26:50.611 BasePage:88 - Clearing: Password Textbox
[/Users/hagar.abdelsamad/Downloads/Appium Automation/LatestVersionForAmr/AppiumAutomationFramework/FrameworkOutput/Logs/Sun_Jul_24_18_25_48_EET_2022_logs/Android_Samsung Galaxy S20 FE INFO ] 2022-07-24 18:26:51.751 BasePage:81 - Login button is clicked
[/Users/hagar.abdelsamad/Downloads/Appium Automation/LatestVersionForAmr/AppiumAutomationFramework/FrameworkOutput/Logs/Sun_Jul_24_18_25_48_EET_2022_logs/Android_Samsung Galaxy S20 FE INFO ] 2022-07-24 18:26:53.144 BasePage:131 - Attribute: text - value for PRODUCTS is - PRODUCTS
[/Users/hagar.abdelsamad/Downloads/Appium Automation/LatestVersionForAmr/AppiumAutomationFramework/FrameworkOutput/Logs/Sun_Jul_24_18_25_48_EET_2022_logs/Android_Samsung Galaxy S20 FE INFO ] 2022-07-24 18:26:53.214 VerificationUtils:31 - Actual: PRODUCTS
[/Users/hagar.abdelsamad/Downloads/Appium Automation/LatestVersionForAmr/AppiumAutomationFramework/FrameworkOutput/Logs/Sun_Jul_24_18_25_48_EET_2022_logs/Android_Samsung Galaxy S20 FE INFO ] 2022-07-24 18:26:53.214 VerificationUtils:32 - Expected: PRODUCTS
[/Users/hagar.abdelsamad/Downloads/Appium Automation/LatestVersionForAmr/AppiumAutomationFramework/FrameworkOutput/Logs/Sun_Jul_24_18_25_48_EET_2022_logs/Android_Samsung Galaxy S20 FE INFO ] 2022-07-24 18:26:54.261 BasePage:131 - Attribute: text - value for Sauce Labs Backpack is - Sauce Labs Backpack
[/Users/hagar.abdelsamad/Downloads/Appium Automation/LatestVersionForAmr/AppiumAutomationFramework/FrameworkOutput/Logs/Sun_Jul_24_18_25_48_EET_2022_logs/Android_Samsung Galaxy S20 FE INFO ] 2022-07-24 18:26:54.338 VerificationUtils:31 - Actual: Sauce Labs Backpack
[/Users/hagar.abdelsamad/Downloads/Appium Automation/LatestVersionForAmr/AppiumAutomationFramework/FrameworkOutput/Logs/Sun_Jul_24_18_25_48_EET_2022_logs/Android_Samsung Galaxy S20 FE INFO ] 2022-07-24 18:26:54.338 VerificationUtils:32 - Expected: Sauce Labs Backpack
[/Users/hagar.abdelsamad/Downloads/Appium Automation/LatestVersionForAmr/AppiumAutomationFramework/FrameworkOutput/Logs/Sun_Jul_24_18_25_48_EET_2022_logs/Android_Samsung Galaxy S20 FE INFO ] 2022-07-24 18:26:55.330 BasePage:131 - Attribute: text - value for $29.99 is - $29.99
[/Users/hagar.abdelsamad/Downloads/Appium Automation/LatestVersionForAmr/AppiumAutomationFramework/FrameworkOutput/Logs/Sun_Jul_24_18_25_48_EET_2022_logs/Android_Samsung Galaxy S20 FE INFO ] 2022-07-24 18:26:55.398 VerificationUtils:31 - Actual: $29.99
[/Users/hagar.abdelsamad/Downloads/Appium Automation/LatestVersionForAmr/AppiumAutomationFramework/FrameworkOutput/Logs/Sun_Jul_24_18_25_48_EET_2022_logs/Android_Samsung Galaxy S20 FE INFO ] 2022-07-24 18:26:55.399 VerificationUtils:32 - Expected: $29.99
[/Users/hagar.abdelsamad/Downloads/Appium Automation/LatestVersionForAmr/AppiumAutomationFramework/FrameworkOutput/Logs/Sun_Jul_24_18_25_48_EET_2022_logs/Android_Samsung Galaxy S20 FE INFO ] 2022-07-24 18:26:56.290 BasePage:81 - Settings button is clicked
[/Users/hagar.abdelsamad/Downloads/Appium Automation/LatestVersionForAmr/AppiumAutomationFramework/FrameworkOutput/Logs/Sun_Jul_24_18_25_48_EET_2022_logs/Android_Samsung Galaxy S20 FE INFO ] 2022-07-24 18:26:57.956 BasePage:81 - Logout button is clicked
[/Users/hagar.abdelsamad/Downloads/Appium Automation/LatestVersionForAmr/AppiumAutomationFramework/FrameworkOutput/Logs/Sun_Jul_24_18_25_48_EET_2022_logs/Android_Samsung Galaxy S20 FE DEBUG] 2022-07-24 18:26:58.369 ProductTests:63 - ******************* Test ended: validateProductOnProductsPage*******************
[/Users/hagar.abdelsamad/Downloads/Appium Automation/LatestVersionForAmr/AppiumAutomationFramework/FrameworkOutput/Logs/Sun_Jul_24_18_25_48_EET_2022_logs/Android_Samsung Galaxy S20 FE DEBUG] 2022-07-24 18:26:58.369 ProductTests:64 - ---------------------------------------------------
